Release 14.7 - xst P.20131013 (nt64)
Copyright (c) 1995-2013 Xilinx, Inc.  All rights reserved.
--> Parameter TMPDIR set to xst/projnav.tmp


Total REAL time to Xst completion: 0.00 secs
Total CPU time to Xst completion: 0.09 secs
 
--> Parameter xsthdpdir set to xst


Total REAL time to Xst completion: 0.00 secs
Total CPU time to Xst completion: 0.09 secs
 
--> Reading design: DLock.prj

TABLE OF CONTENTS
  1) Synthesis Options Summary
  2) HDL Compilation
  3) Design Hierarchy Analysis
  4) HDL Analysis
  5) HDL Synthesis
     5.1) HDL Synthesis Report
  6) Advanced HDL Synthesis
     6.1) Advanced HDL Synthesis Report
  7) Low Level Synthesis
  8) Partition Report
  9) Final Report
	9.1) Device utilization summary
	9.2) Partition Resource Summary
	9.3) TIMING REPORT


=========================================================================
*                      Synthesis Options Summary                        *
=========================================================================
---- Source Parameters
Input File Name                    : "DLock.prj"
Input Format                       : mixed
Ignore Synthesis Constraint File   : NO

---- Target Parameters
Output File Name                   : "DLock"
Output Format                      : NGC
Target Device                      : xc3s500e-4-fg320

---- Source Options
Top Module Name                    : DLock
Automatic FSM Extraction           : YES
FSM Encoding Algorithm             : Auto
Safe Implementation                : No
FSM Style                          : LUT
RAM Extraction                     : Yes
RAM Style                          : Auto
ROM Extraction                     : Yes
Mux Style                          : Auto
Decoder Extraction                 : YES
Priority Encoder Extraction        : Yes
Shift Register Extraction          : YES
Logical Shifter Extraction         : YES
XOR Collapsing                     : YES
ROM Style                          : Auto
Mux Extraction                     : Yes
Resource Sharing                   : YES
Asynchronous To Synchronous        : NO
Multiplier Style                   : Auto
Automatic Register Balancing       : No

---- Target Options
Add IO Buffers                     : YES
Global Maximum Fanout              : 100000
Add Generic Clock Buffer(BUFG)     : 24
Register Duplication               : YES
Slice Packing                      : YES
Optimize Instantiated Primitives   : NO
Use Clock Enable                   : Yes
Use Synchronous Set                : Yes
Use Synchronous Reset              : Yes
Pack IO Registers into IOBs        : Auto
Equivalent register Removal        : YES

---- General Options
Optimization Goal                  : Speed
Optimization Effort                : 1
Keep Hierarchy                     : No
Netlist Hierarchy                  : As_Optimized
RTL Output                         : Yes
Global Optimization                : AllClockNets
Read Cores                         : YES
Write Timing Constraints           : NO
Cross Clock Analysis               : NO
Hierarchy Separator                : /
Bus Delimiter                      : <>
Case Specifier                     : Maintain
Slice Utilization Ratio            : 100
BRAM Utilization Ratio             : 100
Verilog 2001                       : YES
Auto BRAM Packing                  : NO
Slice Utilization Ratio Delta      : 5

=========================================================================


=========================================================================
*                          HDL Compilation                              *
=========================================================================
Compiling vhdl file "F:/SCHOOL WORK/2015-2016/Digital Design Lab/BicycleLock/BicycleLock.vhd" in Library work.
Entity <dlock> compiled.
Entity <dlock> (Architecture <behavioral>) compiled.

=========================================================================
*                     Design Hierarchy Analysis                         *
=========================================================================
Analyzing hierarchy for entity <DLock> in library <work> (architecture <behavioral>).


=========================================================================
*                            HDL Analysis                               *
=========================================================================
Analyzing Entity <DLock> in library <work> (Architecture <behavioral>).
Entity <DLock> analyzed. Unit <DLock> generated.


=========================================================================
*                           HDL Synthesis                               *
=========================================================================

Performing bidirectional port resolution...

Synthesizing Unit <DLock>.
    Related source file is "F:/SCHOOL WORK/2015-2016/Digital Design Lab/BicycleLock/BicycleLock.vhd".
    Found finite state machine <FSM_0> for signal <current_state>.
    -----------------------------------------------------------------------
    | States             | 64                                             |
    | Transitions        | 174                                            |
    | Inputs             | 6                                              |
    | Outputs            | 6                                              |
    | Clock              | Clk                       (rising_edge)        |
    | Power Up State     | s0                                             |
    | Encoding           | automatic                                      |
    | Implementation     | LUT                                            |
    -----------------------------------------------------------------------
    Summary:
	inferred   1 Finite State Machine(s).
Unit <DLock> synthesized.


=========================================================================
HDL Synthesis Report

Found no macro
=========================================================================

=========================================================================
*                       Advanced HDL Synthesis                          *
=========================================================================

Analyzing FSM <FSM_0> for best encoding.
Optimizing FSM <current_state/FSM> on signal <current_state[1:64]> with one-hot encoding.
---------------------------------------------------------------------------
 State | Encoding
---------------------------------------------------------------------------
 s0    | 0000000000000000000000000000000000000000000000000000000000000001
 s1    | 0000000000000000000000000000000000000000000000000000000000000010
 s2    | 0000000000000000000000000000000000000000000000000000000000010000
 s3    | 0000000000000000000000000000000000000000000000000000000000100000
 s4    | 0000000000000000000000000000000000000000000000000000000001000000
 s5    | 0000000000000000000000000000000000000000000000000000000010000000
 s6    | 0000000000000000000000000000000000000000000000000000000100000000
 s7    | 0000000000000000000000000000000000000000000000000000001000000000
 s8    | 0000000000000000000000000000000000000000000000000000010000000000
 s9    | 0000000000000000000000000000000000000000000000000000100000000000
 s10   | 0000000000000000000000000000000000000000000000000001000000000000
 s11   | 0000000000000000000000000000000000000000000000000010000000000000
 s12   | 0000000000000000000000000000000000000000000000000100000000000000
 s13   | 0000000000000000000000000000000000000000000000000000000000001000
 s14   | 0000000000000000000000000000000000000000000000100000000000000000
 s15   | 0000000000000000000000000000000000000000000001000000000000000000
 s16   | 0000000000000000000000000000000000000000000000000000000000000100
 s17   | 0000000000000000000000000000000000000000000010000000000000000000
 s18   | 0000000000000000000000000000000000000000000100000000000000000000
 s19   | 0000000000000000000000000000000000000000100000000000000000000000
 s20   | 0000000000000000000000000000000000000010000000000000000000000000
 s21   | 0000000000000000000000000000000000001000000000000000000000000000
 s22   | 0000000000000000000000000000000000100000000000000000000000000000
 s23   | 0000000000000000000000000000000010000000000000000000000000000000
 s24   | 0000000000000000000000000000000100000000000000000000000000000000
 s25   | 0000000000000000000000000000100000000000000000000000000000000000
 s26   | 0000000000000000000000000001000000000000000000000000000000000000
 s27   | 0000000000000000000000000000000000000000000000001000000000000000
 s28   | 0000000000000000000000000000000000000000000000010000000000000000
 s29   | 0000000000000000000000001000000000000000000000000000000000000000
 s30   | 0000000000000000000000010000000000000000000000000000000000000000
 s31   | 0000000000000000000000100000000000000000000000000000000000000000
 s32   | 0000000000000000000001000000000000000000000000000000000000000000
 s33   | 0000000000000000000010000000000000000000000000000000000000000000
 s34   | 0000000000000000000100000000000000000000000000000000000000000000
 s35   | 0000000000000000001000000000000000000000000000000000000000000000
 s36   | 0000000000000000010000000000000000000000000000000000000000000000
 s37   | 0000000000000000100000000000000000000000000000000000000000000000
 s38   | 0000000000000000000000000000000000000000001000000000000000000000
 s39   | 0000000000000000000000000000000000000001000000000000000000000000
 s40   | 0000000000000000000000000000000000010000000000000000000000000000
 s41   | 0000000000000000000000000000001000000000000000000000000000000000
 s42   | 0000000000000000000000000000000000000000010000000000000000000000
 s43   | 0000000000000000000000000000000000000100000000000000000000000000
 s44   | 0000000000000000000000000000000001000000000000000000000000000000
 s45   | 0000000000000000000000000000010000000000000000000000000000000000
 s46   | 0000000000000001000000000000000000000000000000000000000000000000
 s47   | 0000000000010000000000000000000000000000000000000000000000000000
 s48   | 0000000000000010000000000000000000000000000000000000000000000000
 s49   | 0000000000000100000000000000000000000000000000000000000000000000
 s50   | 0000000000001000000000000000000000000000000000000000000000000000
 s51   | 0000000000000000000000000010000000000000000000000000000000000000
 s52   | 0000000000100000000000000000000000000000000000000000000000000000
 s53   | 0000000001000000000000000000000000000000000000000000000000000000
 s54   | 0000000010000000000000000000000000000000000000000000000000000000
 s55   | 0000000100000000000000000000000000000000000000000000000000000000
 s56   | 0000001000000000000000000000000000000000000000000000000000000000
 s57   | 0000010000000000000000000000000000000000000000000000000000000000
 s58   | 0000100000000000000000000000000000000000000000000000000000000000
 s59   | 0001000000000000000000000000000000000000000000000000000000000000
 s60   | 0010000000000000000000000000000000000000000000000000000000000000
 s61   | 0100000000000000000000000000000000000000000000000000000000000000
 s62   | 1000000000000000000000000000000000000000000000000000000000000000
 s63   | 0000000000000000000000000100000000000000000000000000000000000000
---------------------------------------------------------------------------

=========================================================================
Advanced HDL Synthesis Report

Macro Statistics
# FSMs                                                 : 1

=========================================================================

=========================================================================
*                         Low Level Synthesis                           *
=========================================================================

Optimizing unit <DLock> ...

Mapping all equations...
Building and optimizing final netlist ...
Found area constraint ratio of 100 (+ 5) on block DLock, actual ratio is 1.

Final Macro Processing ...

=========================================================================
Final Register Report

Macro Statistics
# Registers                                            : 64
 Flip-Flops                                            : 64

=========================================================================

=========================================================================
*                           Partition Report                            *
=========================================================================

Partition Implementation Status
-------------------------------

  No Partitions were found in this design.

-------------------------------

=========================================================================
*                            Final Report                               *
=========================================================================
Final Results
RTL Top Level Output File Name     : DLock.ngr
Top Level Output File Name         : DLock
Output Format                      : NGC
Optimization Goal                  : Speed
Keep Hierarchy                     : No

Design Statistics
# IOs                              : 12

Cell Usage :
# BELS                             : 203
#      GND                         : 1
#      LUT2                        : 1
#      LUT2_L                      : 1
#      LUT3                        : 5
#      LUT3_L                      : 5
#      LUT4                        : 131
#      LUT4_D                      : 1
#      LUT4_L                      : 8
#      MUXCY                       : 48
#      MUXF5                       : 1
#      VCC                         : 1
# FlipFlops/Latches                : 64
#      FD                          : 64
# Clock Buffers                    : 1
#      BUFGP                       : 1
# IO Buffers                       : 11
#      IBUF                        : 5
#      OBUF                        : 6
=========================================================================

Device utilization summary:
---------------------------

Selected Device : 3s500efg320-4 

 Number of Slices:                       81  out of   4656     1%  
 Number of Slice Flip Flops:             64  out of   9312     0%  
 Number of 4 input LUTs:                152  out of   9312     1%  
 Number of IOs:                          12
 Number of bonded IOBs:                  12  out of    232     5%  
 Number of GCLKs:                         1  out of     24     4%  

---------------------------
Partition Resource Summary:
---------------------------

  No Partitions were found in this design.

---------------------------


=========================================================================
TIMING REPORT

NOTE: THESE TIMING NUMBERS ARE ONLY A SYNTHESIS ESTIMATE.
      FOR ACCURATE TIMING INFORMATION PLEASE REFER TO THE TRACE REPORT
      GENERATED AFTER PLACE-and-ROUTE.

Clock Information:
------------------
-----------------------------------+------------------------+-------+
Clock Signal                       | Clock buffer(FF name)  | Load  |
-----------------------------------+------------------------+-------+
Clk                                | BUFGP                  | 64    |
-----------------------------------+------------------------+-------+

Asynchronous Control Signals Information:
----------------------------------------
No asynchronous control signals found in this design

Timing Summary:
---------------
Speed Grade: -4

   Minimum period: 4.469ns (Maximum Frequency: 223.764MHz)
   Minimum input arrival time before clock: 9.165ns
   Maximum output required time after clock: 10.043ns
   Maximum combinational path delay: 14.821ns

Timing Detail:
--------------
All values displayed in nanoseconds (ns)

=========================================================================
Timing constraint: Default period analysis for Clock 'Clk'
  Clock period: 4.469ns (frequency: 223.764MHz)
  Total number of paths / destination ports: 174 / 64
-------------------------------------------------------------------------
Delay:               4.469ns (Levels of Logic = 3)
  Source:            current_state_FSM_FFd56 (FF)
  Destination:       current_state_FSM_FFd61 (FF)
  Source Clock:      Clk rising
  Destination Clock: Clk rising

  Data Path: current_state_FSM_FFd56 to current_state_FSM_FFd61
                                Gate     Net
    Cell:in->out      fanout   Delay   Delay  Logical Name (Net Name)
    ----------------------------------------  ------------
     FD:C->Q               3   0.591   0.610  current_state_FSM_FFd56 (current_state_FSM_FFd56)
     LUT3:I1->O            1   0.704   0.424  current_state_FSM_FFd62-In125_SW0 (N36)
     LUT4_D:I3->O          1   0.704   0.424  current_state_FSM_FFd62-In125 (current_state_FSM_N3)
     LUT4:I3->O            4   0.704   0.000  current_state_FSM_FFd61-In (current_state_FSM_FFd61-In)
     FD:D                      0.308          current_state_FSM_FFd61
    ----------------------------------------
    Total                      4.469ns (3.011ns logic, 1.458ns route)
                                       (67.4% logic, 32.6% route)

=========================================================================
Timing constraint: Default OFFSET IN BEFORE for Clock 'Clk'
  Total number of paths / destination ports: 605 / 64
-------------------------------------------------------------------------
Offset:              9.165ns (Levels of Logic = 6)
  Source:            X<0> (PAD)
  Destination:       current_state_FSM_FFd61 (FF)
  Destination Clock: Clk rising

  Data Path: X<0> to current_state_FSM_FFd61
                                Gate     Net
    Cell:in->out      fanout   Delay   Delay  Logical Name (Net Name)
    ----------------------------------------  ------------
     IBUF:I->O             9   1.218   0.995  X_0_IBUF (X_0_IBUF)
     LUT2:I0->O           42   0.704   1.344  current_state_cmp_eq000111 (N50)
     LUT4:I1->O            8   0.704   0.932  current_state_cmp_eq00041 (current_state_cmp_eq0004)
     LUT3:I0->O            1   0.704   0.424  current_state_FSM_FFd62-In125_SW0 (N36)
     LUT4_D:I3->O          1   0.704   0.424  current_state_FSM_FFd62-In125 (current_state_FSM_N3)
     LUT4:I3->O            4   0.704   0.000  current_state_FSM_FFd61-In (current_state_FSM_FFd61-In)
     FD:D                      0.308          current_state_FSM_FFd61
    ----------------------------------------
    Total                      9.165ns (5.046ns logic, 4.119ns route)
                                       (55.1% logic, 44.9% route)

=========================================================================
Timing constraint: Default OFFSET OUT AFTER for Clock 'Clk'
  Total number of paths / destination ports: 528 / 6
-------------------------------------------------------------------------
Offset:              10.043ns (Levels of Logic = 6)
  Source:            current_state_FSM_FFd56 (FF)
  Destination:       Q<3> (PAD)
  Source Clock:      Clk rising

  Data Path: current_state_FSM_FFd56 to Q<3>
                                Gate     Net
    Cell:in->out      fanout   Delay   Delay  Logical Name (Net Name)
    ----------------------------------------  ------------
     FD:C->Q               3   0.591   0.610  current_state_FSM_FFd56 (current_state_FSM_FFd56)
     LUT3:I1->O            1   0.704   0.424  current_state_FSM_FFd62-In125_SW0 (N36)
     LUT4_D:I3->O          1   0.704   0.424  current_state_FSM_FFd62-In125 (current_state_FSM_N3)
     LUT4:I3->O            4   0.704   0.622  current_state_FSM_FFd61-In (current_state_FSM_FFd61-In)
     LUT4:I2->O            1   0.704   0.000  current_state_FSM_Out5_wg_lut<7> (current_state_FSM_Out5_wg_lut<7>)
     MUXCY:S->O            1   0.864   0.420  current_state_FSM_Out5_wg_cy<7> (Q_0_OBUF)
     OBUF:I->O                 3.272          Q_0_OBUF (Q<0>)
    ----------------------------------------
    Total                     10.043ns (7.543ns logic, 2.500ns route)
                                       (75.1% logic, 24.9% route)

=========================================================================
Timing constraint: Default path analysis
  Total number of paths / destination ports: 1800 / 6
-------------------------------------------------------------------------
Delay:               14.821ns (Levels of Logic = 16)
  Source:            X<0> (PAD)
  Destination:       Q<3> (PAD)

  Data Path: X<0> to Q<3>
                                Gate     Net
    Cell:in->out      fanout   Delay   Delay  Logical Name (Net Name)
    ----------------------------------------  ------------
     IBUF:I->O             9   1.218   0.995  X_0_IBUF (X_0_IBUF)
     LUT2:I0->O           42   0.704   1.269  current_state_cmp_eq000111 (N50)
     LUT4:I3->O           30   0.704   1.437  current_state_cmp_eq00002 (current_state_cmp_eq0000)
     LUT4:I0->O            1   0.704   0.000  current_state_FSM_FFd49-In14_SW0_F (N43)
     MUXF5:I0->O           1   0.321   0.424  current_state_FSM_FFd49-In14_SW0 (N40)
     LUT4:I3->O            5   0.704   0.668  current_state_FSM_FFd49-In34 (current_state_FSM_FFd49-In)
     LUT4:I2->O            1   0.704   0.000  current_state_FSM_Out2_wg_lut<0> (current_state_FSM_Out2_wg_lut<0>)
     MUXCY:S->O            1   0.464   0.000  current_state_FSM_Out2_wg_cy<0> (current_state_FSM_Out2_wg_cy<0>)
     MUXCY:CI->O           1   0.059   0.000  current_state_FSM_Out2_wg_cy<1> (current_state_FSM_Out2_wg_cy<1>)
     MUXCY:CI->O           1   0.059   0.000  current_state_FSM_Out2_wg_cy<2> (current_state_FSM_Out2_wg_cy<2>)
     MUXCY:CI->O           1   0.059   0.000  current_state_FSM_Out2_wg_cy<3> (current_state_FSM_Out2_wg_cy<3>)
     MUXCY:CI->O           1   0.059   0.000  current_state_FSM_Out2_wg_cy<4> (current_state_FSM_Out2_wg_cy<4>)
     MUXCY:CI->O           1   0.059   0.000  current_state_FSM_Out2_wg_cy<5> (current_state_FSM_Out2_wg_cy<5>)
     MUXCY:CI->O           1   0.059   0.000  current_state_FSM_Out2_wg_cy<6> (current_state_FSM_Out2_wg_cy<6>)
     MUXCY:CI->O           1   0.459   0.420  current_state_FSM_Out2_wg_cy<7> (Q_3_OBUF)
     OBUF:I->O                 3.272          Q_3_OBUF (Q<3>)
    ----------------------------------------
    Total                     14.821ns (9.608ns logic, 5.213ns route)
                                       (64.8% logic, 35.2% route)

=========================================================================


Total REAL time to Xst completion: 7.00 secs
Total CPU time to Xst completion: 6.93 secs
 
--> 

Total memory usage is 306340 kilobytes

Number of errors   :    0 (   0 filtered)
Number of warnings :    0 (   0 filtered)
Number of infos    :    0 (   0 filtered)

