ISim log file
Running: F:\SCHOOL WORK\2015-2016\Digital Design Lab\BicycleLock\Dlock2_isim_beh.exe -intstyle ise -gui -tclbatch isim.cmd -wdb F:/SCHOOL WORK/2015-2016/Digital Design Lab/BicycleLock/Dlock2_isim_beh.wdb 
ISim P.20131013 (signature 0x7708f090)
WARNING: A WEBPACK license was found.
WARNING: Please use Xilinx License Configuration Manager to check out a full ISim license.
WARNING: ISim will run in Lite mode. Please refer to the ISim documentation for more information on the differences between the Lite and the Full version.
This is a Lite version of ISim.
Time resolution is 1 ps
# onerror resume
# wave add /
# run 1000 ns
Simulator is doing circuit initialization process.
Finished circuit initialization process.
# restart
# isim force add /dlock2/clk 0 -radix bin -value 1 -radix bin -time 1 ns -repeat 2 ns
# isim force add /dlock2/reset 0 -radix bin
# run 5ns
Simulator is doing circuit initialization process.
Finished circuit initialization process.
# isim force add /dlock2/h 0 -radix bin
# run 5ns
# isim force add /dlock2/h 1 -radix bin
# run 5ns
# isim force add /dlock2/x 00100 -radix bin
# run 5ns
# isim force add /dlock2/reset 1 -radix bin
# isim force add /dlock2/h 0 -radix bin
# isim force add /dlock2/x 00000 -radix bin
# run 5ns
# isim force add /dlock2/h 1 -radix bin
# run 5ns
# isim force add /dlock2/x 00100 -radix bin
# run 5ns
# isim force add /dlock2/x 00000 -radix bin
# run 5ns
# isim force add /dlock2/x 01000 -radix bin
# run 5ns
# run 5ns
# isim force add /dlock2/x 00000 -radix bin
# run 5ns
# isim force add /dlock2/x 10000 -radix bin
# run 5ns
# isim force add /dlock2/x 00000 -radix bin
# run 5ns
# isim force add /dlock2/x 10000 -radix bin
# run 5ns
# isim force add /dlock2/x 00000 -radix bin
# run 5ns
# isim force add /dlock2/x 00100 -radix bin
# run 5ns
# isim force add /dlock2/x 00000 -radix bin
# run 5ns
# isim force add /dlock2/x 00001 -radix bin
# run 5ns
# isim force add /dlock2/x 00000 -radix bin
# run 5ns
# isim force add /dlock2/x 01000 -radix bin
# run 5ns
# isim force add /dlock2/x 00000 -radix bin
# run 5ns
# isim force add /dlock2/x 01000 -radix bin
# run 5ns
# isim force add /dlock2/x 00000 -radix bin
# run 5ns
# isim force add /dlock2/x 00010 -radix bin
# run 5ns
# isim force add /dlock2/x 00000 -radix bin
# run 5ns
# isim force add /dlock2/x 10000 -radix bin
# run 5ns
# isim force add /dlock2/x 00000 -radix bin
# run 5ns
# isim force add /dlock2/h 0 -radix bin
# run 5ns
# isim force add /dlock2/h 1 -radix bin
# run 5ns
# isim force add /dlock2/x 10000 -radix bin
# run 5ns
# isim force add /dlock2/x 00000 -radix bin
# run 5ns
# isim force add /dlock2/x 00100 -radix bin
# run 5ns
# isim force add /dlock2/x 00000 -radix bin
# run 5ns
# isim force add /dlock2/x 00001 -radix bin
# isim force add /dlock2/x 00001 -radix bin
# run 5ns
# isim force add /dlock2/x 00000 -radix bin
# run 5ns
# isim force add /dlock2/x 01000 -radix bin
# run 5ns
# isim force add /dlock2/x 00000 -radix bin
# run 5ns
# isim force add /dlock2/x 01000 -radix bin
# run 5ns
# isim force add /dlock2/x 00000 -radix bin
# run 5ns
# isim force add /dlock2/x 00010 -radix bin
# run 5ns
# isim force add /dlock2/x 00000 -radix bin
# run 5ns
# isim force add /dlock2/x 10000 -radix bin
# run 5ns
# isim force add /dlock2/x 00000 -radix bin
# run 5ns
# isim force add /dlock2/x 00100 -radix bin
# run 5ns
# isim force add /dlock2/x 00000 -radix bin
# run 5ns
# isim force add /dlock2/x 00001 -radix bin
# run 5ns
# isim force add /dlock2/x 00000 -radix bin
# run 5ns
# isim force add /dlock2/x 01000 -radix bin
# run 5ns
# isim force add /dlock2/x 00000 -radix bin
# run 5ns
# isim force add /dlock2/x 01000 -radix bin
# run 5ns
# isim force add /dlock2/x 00000 -radix bin
# run 5ns
# isim force add /dlock2/x 00010 -radix bin
# run 5ns
# isim force add /dlock2/x 00000 -radix bin
# run 5ns
# isim force add /dlock2/x 10000 -radix bin
# run 5ns
# isim force add /dlock2/x 00000 -radix bin
# run 5ns
# isim force add /dlock2/x 00100 -radix bin
# run 5ns
# isim force add /dlock2/x 00000 -radix bin
# run 5ns
# isim force add /dlock2/x 00100 -radix bin
# run 5ns
# isim force add /dlock2/x 00000 -radix bin
# run 5ns
# isim force add /dlock2/x 00100 -radix bin
# run 5ns
# isim force add /dlock2/x 0000 -radix bin
# isim force add /dlock2/x 00000 -radix bin
# run 5ns
# isim force add /dlock2/x 00010 -radix bin
# run 5ns
# isim force add /dlock2/x 00000 -radix bin
# run 5ns
# isim force add /dlock2/x 00100 -radix bin
# run 5ns
# isim force add /dlock2/x 00000 -radix bin
# run 5ns
# isim force add /dlock2/x 01000 -radix bin
# run 5ns
# isim force add /dlock2/x 00000 -radix bin
# run 5ns
# isim force add /dlock2/x 10000 -radix bin
# run 5ns
# isim force add /dlock2/x 00000 -radix bin
# run 5ns
